  KatanaEngine.cpp
  Started precompiling header files for Katana Engine.
  Standard Headers...
                  ... Finished.
  Allegro Specific Headers...
                  ... Finished.
  Math Specific Headers...
                  ... Finished.
  Input Specific Headers...
                  ... Finished.
  Resource Management Headers...
                  ... Finished.
  Graphics Management Headers...
                  ... Finished.
  Screen Management Headers...
                  ... Finished.
  Game Engine Headers...
                  ... Finished.
  Finished precompiling header files for Katana Engine.
  Animation.cpp
  Color.cpp
  Font.cpp
  Game.cpp
  GameTime.cpp
  InputState.cpp
  main.cpp
  MenuItem.cpp
  MenuScreen.cpp
  Point.cpp
  RenderTarget.cpp
  Resource.cpp
  Screen.cpp
  ScreenManager.cpp
  SpriteBatch.cpp
  Texture.cpp
  Vector2.cpp
  Generating Code...
  KatanaEngine.vcxproj -> C:\Users\Ryan\Desktop\KatanaEngine\Debug\KatanaEngine.exe
