c:\users\ryan\desktop\katanaengine\debug\katanaengine.pdb
c:\users\ryan\desktop\katanaengine\debug\katanaengine.idb
c:\users\ryan\desktop\katanaengine\katanaengine\debug\vector2.obj
c:\users\ryan\desktop\katanaengine\katanaengine\debug\screenmanager.obj
c:\users\ryan\desktop\katanaengine\katanaengine\debug\screen.obj
c:\users\ryan\desktop\katanaengine\katanaengine\debug\gametime.obj
c:\users\ryan\desktop\katanaengine\katanaengine\debug\texture.obj
c:\users\ryan\desktop\katanaengine\katanaengine\debug\spritebatch.obj
c:\users\ryan\desktop\katanaengine\katanaengine\debug\game.obj
c:\users\ryan\desktop\katanaengine\katanaengine\debug\resource.obj
c:\users\ryan\desktop\katanaengine\katanaengine\debug\rendertarget.obj
c:\users\ryan\desktop\katanaengine\katanaengine\debug\point.obj
c:\users\ryan\desktop\katanaengine\katanaengine\debug\menuscreen.obj
c:\users\ryan\desktop\katanaengine\katanaengine\debug\menuitem.obj
c:\users\ryan\desktop\katanaengine\katanaengine\debug\mathutil.obj
c:\users\ryan\desktop\katanaengine\katanaengine\debug\katanaengine.obj
c:\users\ryan\desktop\katanaengine\katanaengine\debug\inputstate.obj
c:\users\ryan\desktop\katanaengine\katanaengine\debug\font.obj
c:\users\ryan\desktop\katanaengine\katanaengine\debug\color.obj
c:\users\ryan\desktop\katanaengine\katanaengine\debug\animation.obj
c:\users\ryan\desktop\katanaengine\katanaengine\debug\panel.obj
c:\users\ryan\desktop\katanaengine\katanaengine\debug\primitive.obj
c:\users\ryan\desktop\katanaengine\katanaengine\debug\resizablepanel.obj
c:\users\ryan\desktop\katanaengine\katanaengine\debug\theme.obj
c:\users\ryan\desktop\katanaengine\katanaengine\debug\toggle.obj
c:\users\ryan\desktop\katanaengine\katanaengine\debug\component.obj
c:\users\ryan\desktop\katanaengine\katanaengine\debug\slider.obj
c:\users\ryan\desktop\katanaengine\katanaengine\debug\componentcollection.obj
c:\users\ryan\desktop\katanaengine\debug\katanaengine.lib
c:\users\ryan\desktop\katanaengine\katanaengine\debug\theme.obj.enc
c:\users\ryan\desktop\katanaengine\katanaengine\debug\katanaengine.tlog\cl.command.1.tlog
c:\users\ryan\desktop\katanaengine\katanaengine\debug\katanaengine.tlog\cl.read.1.tlog
c:\users\ryan\desktop\katanaengine\katanaengine\debug\katanaengine.tlog\cl.write.1.tlog
c:\users\ryan\desktop\katanaengine\katanaengine\debug\katanaengine.tlog\lib-link.read.1.tlog
c:\users\ryan\desktop\katanaengine\katanaengine\debug\katanaengine.tlog\lib-link.write.1.tlog
c:\users\ryan\desktop\katanaengine\katanaengine\debug\katanaengine.tlog\lib.command.1.tlog
